
ROM used:   269/8192 (3%)
            269/8192 (3%) including unused fragments

            0.3 Average locations per line
            4.8 Average locations per statement

RAM used:   11/368 (3%) at main() level
            15/368 (4%) worst case

Stack used: 1 worst case (1 in main + 0 for interrupts)
Stack size: 8

Lines Stmts  %   Files
----- ----- ---  -----
   50    16  29  maetro.c
  640     0   0  ..\..\..\..\..\Program Files\PICC\devices\16f877.h
  135    40  71  ..\..\..\..\..\Program Files\PICC\drivers\kbd.c
----- -----
  825    56 Total

Page ROM  %  RAM    Vol Diff  Functions:
---- --- --- ---    --- ----  ----------
0     23   9    1             @delay_ms1
0     16   6    1             @I2C_WRITEU_1
0     16   6    0    293  3.2  @const620
0      3   1    0      3  0.0  kbd_init
0    138  51    3   4540 10.2  kbd_getc
 Inline         2             @MUL88
0     69  26    0    293  3.2  MAIN
 Inline         0             @cinit1

Program metrics:
    Functions               4
    Statements              56
    Comments                151
    Volume (V)              5740
    Difficulty (D)          17.7
    Effort to implement (E) 101435
    Time to implement (T)   1 hours, 34 minutes
    Est Delivered Bugs (B)  1
    Cyclomatic Complexity   14
    Maintainability (MI)    85

 Segment     Used  Free
-----------  ----  ----
00000-00003     4  0  
00004-007FF   265  1779  
00800-00FFF     0  2048  
01000-017FF     0  2048  
01800-01FFF     0  2048  



