
ROM used:   391/8192 (5%)
            391/8192 (5%) including unused fragments

            0.3 Average locations per line
            3.9 Average locations per statement

RAM used:   6/368 (2%) at main() level
            20/368 (5%) worst case

Stack used: 5 worst case (5 in main + 0 for interrupts)
Stack size: 8

Lines Stmts  %   Files
----- ----- ---  -----
   51    15  15  esclavo.c
  640     0   0  ..\..\..\..\..\..\Program Files\PICC\devices\16f877.h
  456    84  85  ..\..\..\..\..\..\Program Files\PICC\drivers\lcd.c
----- -----
 1147    99 Total

Page ROM  %  RAM    Vol Diff  Functions:
---- --- --- ---    --- ----  ----------
0     21   5    1    285  3.1  @delay_ms1
 Inline         3    596  5.9  lcd_read_byte
0      6   2    0     59  4.2  lcd_read_nibble
0     12   3    1    179  3.3  lcd_send_nibble
0     64  16    3    460  4.7  lcd_send_byte
0     62  16    6    814  7.2  lcd_init
0     18   5    4    208  6.3  lcd_gotoxy
0     44  11    1    354  4.7  lcd_putc
0     68  17    0    285  3.1  MAIN
0      5   1    0    285  3.1  @const667
0     86  22    4    285  3.1  @PSTRINGC7_643
0      1   0    0    285  3.1  @const669
 Inline         0    285  3.1  @cinit1

Program metrics:
    Functions               13
    Statements              99
    Comments                217
    Volume (V)              7310
    Difficulty (D)          53.9
    Effort to implement (E) 393667
    Time to implement (T)   6 hours, 5 minutes
    Est Delivered Bugs (B)  2
    Cyclomatic Complexity   14
    Maintainability (MI)    107

 Segment     Used  Free
-----------  ----  ----
00000-00003     4  0  
00004-007FF   387  1657  
00800-00FFF     0  2048  
01000-017FF     0  2048  
01800-01FFF     0  2048  



